TN:
SF:scraper.js
FN:2,(anonymous_0)
FN:11,(anonymous_1)
FN:29,(anonymous_2)
FN:32,(anonymous_3)
FN:42,(anonymous_4)
FN:67,(anonymous_5)
FN:99,(anonymous_6)
FN:125,(anonymous_7)
FN:138,(anonymous_8)
FNF:9
FNH:6
FNDA:5,(anonymous_0)
FNDA:0,(anonymous_1)
FNDA:1,(anonymous_2)
FNDA:1,(anonymous_3)
FNDA:0,(anonymous_4)
FNDA:1,(anonymous_5)
FNDA:1,(anonymous_6)
FNDA:0,(anonymous_7)
FNDA:1,(anonymous_8)
DA:3,5
DA:4,5
DA:12,0
DA:14,0
DA:17,0
DA:18,0
DA:21,0
DA:23,0
DA:24,0
DA:25,0
DA:30,1
DA:31,1
DA:32,1
DA:33,1
DA:39,1
DA:43,0
DA:45,0
DA:48,0
DA:51,0
DA:54,0
DA:56,0
DA:58,0
DA:60,0
DA:61,0
DA:62,0
DA:63,0
DA:68,1
DA:69,1
DA:70,1
DA:71,1
DA:86,1
DA:87,5
DA:88,5
DA:89,5
DA:93,1
DA:96,0
DA:100,1
DA:101,1
DA:113,0
DA:114,0
DA:115,0
DA:117,0
DA:120,1
DA:121,1
DA:126,0
DA:139,1
DA:140,1
DA:141,1
DA:146,1
LF:49
LH:24
BRDA:34,0,0,1
BRDA:34,0,1,0
BRDA:35,1,0,1
BRDA:35,1,1,0
BRDA:36,2,0,1
BRDA:36,2,1,0
BRDA:89,3,0,1
BRDA:89,3,1,4
BRDA:90,4,0,5
BRDA:90,4,1,0
BRDA:90,4,2,5
BRDA:90,4,3,1
BRDA:113,5,0,0
BRDA:113,5,1,0
BRDA:139,6,0,1
BRDA:139,6,1,1
BRF:16
BRH:10
end_of_record
